<?xml version="1.0" encoding="UTF-8"?>
<testsuite name="com.kpi.qaassigment1.ApplicationTests" tests="1" skipped="0" failures="0" errors="0" timestamp="2021-11-03T15:49:15" hostname="DESKTOP-HMB3S88" time="0.378">
  <properties/>
  <testcase name="contextLoads()" classname="com.kpi.qaassigment1.ApplicationTests" time="0.378"/>
  <system-out><![CDATA[17:49:13.045 [Test worker] DEBUG org.springframework.test.context.BootstrapUtils - Instantiating CacheAwareContextLoaderDelegate from class [org.springframework.test.context.cache.DefaultCacheAwareContextLoaderDelegate]
17:49:13.055 [Test worker] DEBUG org.springframework.test.context.BootstrapUtils - Instantiating BootstrapContext using constructor [public org.springframework.test.context.support.DefaultBootstrapContext(java.lang.Class,org.springframework.test.context.CacheAwareContextLoaderDelegate)]
17:49:13.090 [Test worker] DEBUG org.springframework.test.context.BootstrapUtils - Instantiating TestContextBootstrapper for test class [com.kpi.qaassigment1.ApplicationTests] from class [org.springframework.boot.test.context.SpringBootTestContextBootstrapper]
17:49:13.102 [Test worker] INFO org.springframework.boot.test.context.SpringBootTestContextBootstrapper - Neither @ContextConfiguration nor @ContextHierarchy found for test class [com.kpi.qaassigment1.ApplicationTests], using SpringBootContextLoader
17:49:13.106 [Test worker] DEBUG org.springframework.test.context.support.AbstractContextLoader - Did not detect default resource location for test class [com.kpi.qaassigment1.ApplicationTests]: class path resource [com/kpi/qaassigment1/ApplicationTests-context.xml] does not exist
17:49:13.107 [Test worker] DEBUG org.springframework.test.context.support.AbstractContextLoader - Did not detect default resource location for test class [com.kpi.qaassigment1.ApplicationTests]: class path resource [com/kpi/qaassigment1/ApplicationTestsContext.groovy] does not exist
17:49:13.107 [Test worker] INFO org.springframework.test.context.support.AbstractContextLoader - Could not detect default resource locations for test class [com.kpi.qaassigment1.ApplicationTests]: no resource found for suffixes {-context.xml, Context.groovy}.
17:49:13.108 [Test worker] INFO org.springframework.test.context.support.AnnotationConfigContextLoaderUtils - Could not detect default configuration classes for test class [com.kpi.qaassigment1.ApplicationTests]: ApplicationTests does not declare any static, non-private, non-final, nested classes annotated with @Configuration.
17:49:13.154 [Test worker] DEBUG org.springframework.test.context.support.ActiveProfilesUtils - Could not find an 'annotation declaring class' for annotation type [org.springframework.test.context.ActiveProfiles] and class [com.kpi.qaassigment1.ApplicationTests]
17:49:13.227 [Test worker] DEBUG org.springframework.context.annotation.ClassPathScanningCandidateComponentProvider - Identified candidate component class: file [C:\Users\MAX\Desktop\qaassigment1\qaassigment1\build\classes\java\main\com\kpi\qaassigment1\Application.class]
17:49:13.228 [Test worker] INFO org.springframework.boot.test.context.SpringBootTestContextBootstrapper - Found @SpringBootConfiguration com.kpi.qaassigment1.Application for test class com.kpi.qaassigment1.ApplicationTests
17:49:13.338 [Test worker] DEBUG org.springframework.boot.test.context.SpringBootTestContextBootstrapper - @TestExecutionListeners is not present for class [com.kpi.qaassigment1.ApplicationTests]: using defaults.
17:49:13.339 [Test worker] INFO org.springframework.boot.test.context.SpringBootTestContextBootstrapper - Loaded default TestExecutionListener class names from location [META-INF/spring.factories]: [org.springframework.boot.test.autoconfigure.restdocs.RestDocsTestExecutionListener, org.springframework.boot.test.autoconfigure.web.client.MockRestServiceServerResetTestExecutionListener, org.springframework.boot.test.autoconfigure.web.servlet.MockMvcPrintOnlyOnFailureTestExecutionListener, org.springframework.boot.test.autoconfigure.web.servlet.WebDriverTestExecutionListener, org.springframework.boot.test.autoconfigure.webservices.client.MockWebServiceServerTestExecutionListener, org.springframework.boot.test.mock.mockito.MockitoTestExecutionListener, org.springframework.boot.test.mock.mockito.ResetMocksTestExecutionListener, org.springframework.test.context.web.ServletTestExecutionListener, org.springframework.test.context.support.DirtiesContextBeforeModesTestExecutionListener, org.springframework.test.context.event.ApplicationEventsTestExecutionListener, org.springframework.test.context.support.DependencyInjectionTestExecutionListener, org.springframework.test.context.support.DirtiesContextTestExecutionListener, org.springframework.test.context.transaction.TransactionalTestExecutionListener, org.springframework.test.context.jdbc.SqlScriptsTestExecutionListener, org.springframework.test.context.event.EventPublishingTestExecutionListener]
17:49:13.368 [Test worker] DEBUG org.springframework.boot.test.context.SpringBootTestContextBootstrapper - Skipping candidate TestExecutionListener [org.springframework.test.context.transaction.TransactionalTestExecutionListener] due to a missing dependency. Specify custom listener classes or make the default listener classes and their required dependencies available. Offending class: [org/springframework/transaction/interceptor/TransactionAttributeSource]
17:49:13.369 [Test worker] DEBUG org.springframework.boot.test.context.SpringBootTestContextBootstrapper - Skipping candidate TestExecutionListener [org.springframework.test.context.jdbc.SqlScriptsTestExecutionListener] due to a missing dependency. Specify custom listener classes or make the default listener classes and their required dependencies available. Offending class: [org/springframework/transaction/interceptor/TransactionAttribute]
17:49:13.369 [Test worker] INFO org.springframework.boot.test.context.SpringBootTestContextBootstrapper - Using TestExecutionListeners: [org.springframework.test.context.web.ServletTestExecutionListener@287f94b1, org.springframework.test.context.support.DirtiesContextBeforeModesTestExecutionListener@30b34287, org.springframework.test.context.event.ApplicationEventsTestExecutionListener@5489c777, org.springframework.boot.test.mock.mockito.MockitoTestExecutionListener@3676ac27, org.springframework.boot.test.autoconfigure.SpringBootDependencyInjectionTestExecutionListener@62f87c44, org.springframework.test.context.support.DirtiesContextTestExecutionListener@48f5bde6, org.springframework.test.context.event.EventPublishingTestExecutionListener@525d79f0, org.springframework.boot.test.autoconfigure.restdocs.RestDocsTestExecutionListener@5149f008, org.springframework.boot.test.autoconfigure.web.client.MockRestServiceServerResetTestExecutionListener@7072bc39, org.springframework.boot.test.autoconfigure.web.servlet.MockMvcPrintOnlyOnFailureTestExecutionListener@158d255c, org.springframework.boot.test.autoconfigure.web.servlet.WebDriverTestExecutionListener@2ca65ce4, org.springframework.boot.test.autoconfigure.webservices.client.MockWebServiceServerTestExecutionListener@327120c8, org.springframework.boot.test.mock.mockito.ResetMocksTestExecutionListener@5707c1cb]
17:49:13.374 [Test worker] DEBUG org.springframework.test.context.support.AbstractDirtiesContextTestExecutionListener - Before test class: context [DefaultTestContext@7646731d testClass = ApplicationTests, testInstance = [null], testMethod = [null], testException = [null], mergedContextConfiguration = [WebMergedContextConfiguration@70e29e14 testClass = ApplicationTests, locations = '{}', classes = '{class com.kpi.qaassigment1.Application}', contextInitializerClasses = '[]', activeProfiles = '{}', propertySourceLocations = '{}', propertySourceProperties = '{org.springframework.boot.test.context.SpringBootTestContextBootstrapper=true}', contextCustomizers = set[org.springframework.boot.test.autoconfigure.actuate.metrics.MetricsExportContextCustomizerFactory$DisableMetricExportContextCustomizer@2374d36a, org.springframework.boot.test.autoconfigure.properties.PropertyMappingContextCustomizer@0, org.springframework.boot.test.autoconfigure.web.servlet.WebDriverContextCustomizerFactory$Customizer@4795ded0, org.springframework.boot.test.context.filter.ExcludeFilterContextCustomizer@42f33b5d, org.springframework.boot.test.json.DuplicateJsonObjectContextCustomizerFactory$DuplicateJsonObjectContextCustomizer@6475472c, org.springframework.boot.test.mock.mockito.MockitoContextCustomizer@0, org.springframework.boot.test.web.client.TestRestTemplateContextCustomizer@4bc28c33, org.springframework.boot.test.context.SpringBootTestArgs@1, org.springframework.boot.test.context.SpringBootTestWebEnvironment@5c86dbc5], resourceBasePath = 'src/main/webapp', contextLoader = 'org.springframework.boot.test.context.SpringBootContextLoader', parent = [null]], attributes = map['org.springframework.test.context.web.ServletTestExecutionListener.activateListener' -> true]], class annotated with @DirtiesContext [false] with mode [null].
17:49:13.408 [Test worker] DEBUG org.springframework.test.context.support.TestPropertySourceUtils - Adding inlined properties to environment: {spring.jmx.enabled=false, org.springframework.boot.test.context.SpringBootTestContextBootstrapper=true}

  .   ____          _            __ _ _
 /\\ / ___'_ __ _ _(_)_ __  __ _ \ \ \ \
( ( )\___ | '_ | '_| | '_ \/ _` | \ \ \ \
 \\/  ___)| |_)| | | | | || (_| |  ) ) ) )
  '  |____| .__|_| |_|_| |_\__, | / / / /
 =========|_|==============|___/=/_/_/_/
 :: Spring Boot ::                (v2.5.6)

2021-11-03 17:49:13.673  INFO 8332 --- [    Test worker] com.kpi.qaassigment1.ApplicationTests    : Starting ApplicationTests using Java 11.0.10 on DESKTOP-HMB3S88 with PID 8332 (started by MAX in C:\Users\MAX\Desktop\qaassigment1\qaassigment1)
2021-11-03 17:49:13.676  INFO 8332 --- [    Test worker] com.kpi.qaassigment1.ApplicationTests    : No active profile set, falling back to default profiles: default
2021-11-03 17:49:15.208  INFO 8332 --- [    Test worker] com.kpi.qaassigment1.ApplicationTests    : Started ApplicationTests in 1.793 seconds (JVM running for 3.106)
]]></system-out>
  <system-err><![CDATA[]]></system-err>
</testsuite>
